2025-02-16 12:00:48 [main] INFO  m.web.tester.MyWebApplication - Starting MyWebApplication using Java 21.0.5 with PID 8088 (/Users/youkihoon/Documents/dev/web.tester/target/classes started by youkihoon in /Users/youkihoon/Documents/dev/web.tester)
2025-02-16 12:00:48 [main] INFO  m.web.tester.MyWebApplication - No active profile set, falling back to 1 default profile: "default"
2025-02-16 12:00:48 [main] INFO  m.web.tester.MyWebApplication - Started MyWebApplication in 0.292 seconds (process running for 0.647)
2025-02-16 12:01:11 [main] INFO  m.web.tester.MyWebApplication - Starting MyWebApplication using Java 21.0.5 with PID 8091 (/Users/youkihoon/Documents/dev/web.tester/target/classes started by youkihoon in /Users/youkihoon/Documents/dev/web.tester)
2025-02-16 12:01:11 [main] INFO  m.web.tester.MyWebApplication - No active profile set, falling back to 1 default profile: "default"
2025-02-16 12:01:11 [main] INFO  m.web.tester.MyWebApplication - Started MyWebApplication in 0.271 seconds (process running for 0.561)
2025-02-16 12:01:47 [main] INFO  m.web.tester.MyWebApplication - Starting MyWebApplication using Java 21.0.5 with PID 8097 (/Users/youkihoon/Documents/dev/web.tester/target/classes started by youkihoon in /Users/youkihoon/Documents/dev/web.tester)
2025-02-16 12:01:47 [main] INFO  m.web.tester.MyWebApplication - No active profile set, falling back to 1 default profile: "default"
2025-02-16 12:01:47 [main] INFO  m.web.tester.MyWebApplication - Started MyWebApplication in 0.327 seconds (process running for 0.604)
2025-02-16 12:02:02 [main] INFO  m.web.tester.MyWebApplication - Starting MyWebApplication using Java 21.0.5 with PID 8101 (/Users/youkihoon/Documents/dev/web.tester/target/classes started by youkihoon in /Users/youkihoon/Documents/dev/web.tester)
2025-02-16 12:02:02 [main] INFO  m.web.tester.MyWebApplication - No active profile set, falling back to 1 default profile: "default"
2025-02-16 12:02:02 [main] INFO  m.web.tester.MyWebApplication - Started MyWebApplication in 0.282 seconds (process running for 0.536)
2025-02-16 12:05:05 [main] INFO  m.web.tester.MyWebApplication - Starting MyWebApplication using Java 21.0.5 with PID 8571 (/Users/youkihoon/Documents/dev/web.tester/target/classes started by youkihoon in /Users/youkihoon/Documents/dev/web.tester)
2025-02-16 12:05:05 [main] INFO  m.web.tester.MyWebApplication - No active profile set, falling back to 1 default profile: "default"
2025-02-16 12:05:05 [main] INFO  o.s.b.w.e.tomcat.TomcatWebServer - Tomcat initialized with port 8080 (http)
2025-02-16 12:05:05 [main] INFO  o.a.coyote.http11.Http11NioProtocol - Initializing ProtocolHandler ["http-nio-8080"]
2025-02-16 12:05:05 [main] INFO  o.a.catalina.core.StandardService - Starting service [Tomcat]
2025-02-16 12:05:05 [main] INFO  o.a.catalina.core.StandardEngine - Starting Servlet engine: [Apache Tomcat/10.1.34]
2025-02-16 12:05:05 [main] INFO  o.a.c.c.C.[Tomcat].[localhost].[/] - Initializing Spring embedded WebApplicationContext
2025-02-16 12:05:05 [main] INFO  o.s.b.w.s.c.ServletWebServerApplicationContext - Root WebApplicationContext: initialization completed in 312 ms
2025-02-16 12:05:05 [main] INFO  o.a.coyote.http11.Http11NioProtocol - Starting ProtocolHandler ["http-nio-8080"]
2025-02-16 12:05:05 [main] INFO  o.s.b.w.e.tomcat.TomcatWebServer - Tomcat started on port 8080 (http) with context path '/'
2025-02-16 12:05:05 [main] INFO  m.web.tester.MyWebApplication - Started MyWebApplication in 0.585 seconds (process running for 0.859)
2025-02-16 12:05:18 [SpringApplicationShutdownHook] INFO  o.s.b.w.e.tomcat.GracefulShutdown - Commencing graceful shutdown. Waiting for active requests to complete
2025-02-16 12:05:18 [tomcat-shutdown] INFO  o.s.b.w.e.tomcat.GracefulShutdown - Graceful shutdown complete
2025-02-16 12:05:28 [main] INFO  m.web.tester.MyWebApplication - Starting MyWebApplication using Java 21.0.5 with PID 8610 (/Users/youkihoon/Documents/dev/web.tester/target/classes started by youkihoon in /Users/youkihoon/Documents/dev/web.tester)
2025-02-16 12:05:28 [main] INFO  m.web.tester.MyWebApplication - No active profile set, falling back to 1 default profile: "default"
2025-02-16 12:05:28 [main] INFO  m.web.tester.MyWebApplication - Started MyWebApplication in 0.282 seconds (process running for 0.544)
2025-02-16 12:11:46 [main] INFO  m.web.tester.MyWebApplication - Starting MyWebApplication using Java 21.0.5 with PID 8655 (/Users/youkihoon/Documents/dev/web.tester/target/classes started by youkihoon in /Users/youkihoon/Documents/dev/web.tester)
2025-02-16 12:11:46 [main] INFO  m.web.tester.MyWebApplication - No active profile set, falling back to 1 default profile: "default"
2025-02-16 12:11:46 [main] INFO  m.web.tester.MyWebApplication - Started MyWebApplication in 0.28 seconds (process running for 0.542)
2025-02-16 12:13:17 [main] INFO  m.web.tester.MyWebApplication - Starting MyWebApplication using Java 21.0.5 with PID 8666 (/Users/youkihoon/Documents/dev/web.tester/target/classes started by youkihoon in /Users/youkihoon/Documents/dev/web.tester)
2025-02-16 12:13:17 [main] INFO  m.web.tester.MyWebApplication - No active profile set, falling back to 1 default profile: "default"
2025-02-16 12:13:17 [main] INFO  m.web.tester.MyWebApplication - Started MyWebApplication in 0.297 seconds (process running for 0.595)
2025-02-16 12:13:55 [main] INFO  m.web.tester.MyWebApplication - Starting MyWebApplication using Java 21.0.5 with PID 8713 (/Users/youkihoon/Documents/dev/web.tester/target/classes started by youkihoon in /Users/youkihoon/Documents/dev/web.tester)
2025-02-16 12:13:55 [main] INFO  m.web.tester.MyWebApplication - No active profile set, falling back to 1 default profile: "default"
2025-02-16 12:13:55 [main] INFO  m.web.tester.MyWebApplication - Started MyWebApplication in 0.285 seconds (process running for 0.586)
